# JRE version: Java(TM) SE Runtime Environment (8.0_45-b15) (build 1.8.0_45-b15)
# Java VM: Java HotSpot(TM) 64-Bit Server VM (25.45-b02 mixed mode windows-amd64 compressed oops)
Heap:
 PSYoungGen      total 270336K, used 233224K [0x00000000eab00000, 0x0000000100000000, 0x0000000100000000)
  eden space 196608K, 93% used [0x00000000eab00000,0x00000000f5f479e8,0x00000000f6b00000)
  from space 73728K, 65% used [0x00000000fb800000,0x00000000fe77a7f8,0x0000000100000000)
  to   space 76288K, 0% used [0x00000000f6b00000,0x00000000f6b00000,0x00000000fb580000)
 ParOldGen       total 110592K, used 98440K [0x00000000c0000000, 0x00000000c6c00000, 0x00000000eab00000)
  object space 110592K, 89% used [0x00000000c0000000,0x00000000c6022190,0x00000000c6c00000)
 Metaspace       used 118884K, capacity 133060K, committed 133160K, reserved 1163264K
  class space    used 14971K, capacity 19146K, committed 19240K, reserved 1048576K
GC Heap History (10 events):
Event: 244.875 GC heap before
{Heap before GC invocations=38 (full 4):
 PSYoungGen      total 254464K, used 252522K [0x00000000eab00000, 0x00000000fe700000, 0x0000000100000000)
  eden space 212480K, 100% used [0x00000000eab00000,0x00000000f7a80000,0x00000000f7a80000)
  from space 41984K, 95% used [0x00000000f7a80000,0x00000000fa19a800,0x00000000fa380000)
  to   space 48128K, 0% used [0x00000000fb800000,0x00000000fb800000,0x00000000fe700000)
 ParOldGen       total 110592K, used 89434K [0x00000000c0000000, 0x00000000c6c00000, 0x00000000eab00000)
  object space 110592K, 80% used [0x00000000c0000000,0x00000000c5756a40,0x00000000c6c00000)
 Metaspace       used 113886K, capacity 127704K, committed 127912K, reserved 1159168K
  class space    used 14495K, capacity 18512K, committed 18600K, reserved 1048576K
Event: 244.942 GC heap after
Heap after GC invocations=38 (full 4):
 PSYoungGen      total 268288K, used 46847K [0x00000000eab00000, 0x00000000ff200000, 0x0000000100000000)
  eden space 220160K, 0% used [0x00000000eab00000,0x00000000eab00000,0x00000000f8200000)
  from space 48128K, 97% used [0x00000000fb800000,0x00000000fe5bffe8,0x00000000fe700000)
  to   space 55296K, 0% used [0x00000000f8200000,0x00000000f8200000,0x00000000fb800000)
 ParOldGen       total 110592K, used 89442K [0x00000000c0000000, 0x00000000c6c00000, 0x00000000eab00000)
  object space 110592K, 80% used [0x00000000c0000000,0x00000000c5758a40,0x00000000c6c00000)
 Metaspace       used 113886K, capacity 127704K, committed 127912K, reserved 1159168K
  class space    used 14495K, capacity 18512K, committed 18600K, reserved 1048576K
}
Event: 245.431 GC heap before
{Heap before GC invocations=39 (full 4):
 PSYoungGen      total 268288K, used 267007K [0x00000000eab00000, 0x00000000ff200000, 0x0000000100000000)
  eden space 220160K, 100% used [0x00000000eab00000,0x00000000f8200000,0x00000000f8200000)
  from space 48128K, 97% used [0x00000000fb800000,0x00000000fe5bffe8,0x00000000fe700000)
  to   space 55296K, 0% used [0x00000000f8200000,0x00000000f8200000,0x00000000fb800000)
 ParOldGen       total 110592K, used 89442K [0x00000000c0000000, 0x00000000c6c00000, 0x00000000eab00000)
  object space 110592K, 80% used [0x00000000c0000000,0x00000000c5758a40,0x00000000c6c00000)
 Metaspace       used 113967K, capacity 127734K, committed 127912K, reserved 1159168K
  class space    used 14500K, capacity 18517K, committed 18600K, reserved 1048576K
Event: 245.490 GC heap after
Heap after GC invocations=39 (full 4):
 PSYoungGen      total 275456K, used 52950K [0x00000000eab00000, 0x0000000100000000, 0x0000000100000000)
  eden space 220160K, 0% used [0x00000000eab00000,0x00000000eab00000,0x00000000f8200000)
  from space 55296K, 95% used [0x00000000f8200000,0x00000000fb5b5828,0x00000000fb800000)
  to   space 63488K, 0% used [0x00000000fc200000,0x00000000fc200000,0x0000000100000000)
 ParOldGen       total 110592K, used 89450K [0x00000000c0000000, 0x00000000c6c00000, 0x00000000eab00000)
  object space 110592K, 80% used [0x00000000c0000000,0x00000000c575aa40,0x00000000c6c00000)
 Metaspace       used 113967K, capacity 127734K, committed 127912K, reserved 1159168K
  class space    used 14500K, capacity 18517K, committed 18600K, reserved 1048576K
}
Event: 250.243 GC heap before
{Heap before GC invocations=40 (full 4):
 PSYoungGen      total 275456K, used 273110K [0x00000000eab00000, 0x0000000100000000, 0x0000000100000000)
  eden space 220160K, 100% used [0x00000000eab00000,0x00000000f8200000,0x00000000f8200000)
  from space 55296K, 95% used [0x00000000f8200000,0x00000000fb5b5828,0x00000000fb800000)
  to   space 63488K, 0% used [0x00000000fc200000,0x00000000fc200000,0x0000000100000000)
 ParOldGen       total 110592K, used 89450K [0x00000000c0000000, 0x00000000c6c00000, 0x00000000eab00000)
  object space 110592K, 80% used [0x00000000c0000000,0x00000000c575aa40,0x00000000c6c00000)
 Metaspace       used 117369K, capacity 131488K, committed 131624K, reserved 1161216K
  class space    used 14861K, capacity 18926K, committed 18984K, reserved 1048576K
Event: 250.325 GC heap after
Heap after GC invocations=40 (full 4):
 PSYoungGen      total 271360K, used 54480K [0x00000000eab00000, 0x0000000100000000, 0x0000000100000000)
  eden space 207872K, 0% used [0x00000000eab00000,0x00000000eab00000,0x00000000f7600000)
  from space 63488K, 85% used [0x00000000fc200000,0x00000000ff7343c8,0x0000000100000000)
  to   space 70656K, 0% used [0x00000000f7600000,0x00000000f7600000,0x00000000fbb00000)
 ParOldGen       total 110592K, used 92471K [0x00000000c0000000, 0x00000000c6c00000, 0x00000000eab00000)
  object space 110592K, 83% used [0x00000000c0000000,0x00000000c5a4dd30,0x00000000c6c00000)
 Metaspace       used 117369K, capacity 131488K, committed 131624K, reserved 1161216K
  class space    used 14861K, capacity 18926K, committed 18984K, reserved 1048576K
}
Event: 283.747 GC heap before
{Heap before GC invocations=41 (full 4):
 PSYoungGen      total 271360K, used 262352K [0x00000000eab00000, 0x0000000100000000, 0x0000000100000000)
  eden space 207872K, 100% used [0x00000000eab00000,0x00000000f7600000,0x00000000f7600000)
  from space 63488K, 85% used [0x00000000fc200000,0x00000000ff7343c8,0x0000000100000000)
  to   space 70656K, 0% used [0x00000000f7600000,0x00000000f7600000,0x00000000fbb00000)
 ParOldGen       total 110592K, used 92471K [0x00000000c0000000, 0x00000000c6c00000, 0x00000000eab00000)
  object space 110592K, 83% used [0x00000000c0000000,0x00000000c5a4dd30,0x00000000c6c00000)
 Metaspace       used 117778K, capacity 131862K, committed 132136K, reserved 1163264K
  class space    used 14889K, capacity 18935K, committed 18984K, reserved 1048576K
Event: 283.797 GC heap after
Heap after GC invocations=41 (full 4):
 PSYoungGen      total 257024K, used 48667K [0x00000000eab00000, 0x0000000100000000, 0x0000000100000000)
  eden space 207872K, 0% used [0x00000000eab00000,0x00000000eab00000,0x00000000f7600000)
  from space 49152K, 99% used [0x00000000f7600000,0x00000000fa586c40,0x00000000fa600000)
  to   space 73728K, 0% used [0x00000000fb800000,0x00000000fb800000,0x0000000100000000)
 ParOldGen       total 110592K, used 95883K [0x00000000c0000000, 0x00000000c6c00000, 0x00000000eab00000)
  object space 110592K, 86% used [0x00000000c0000000,0x00000000c5da2db8,0x00000000c6c00000)
 Metaspace       used 117778K, capacity 131862K, committed 132136K, reserved 1163264K
  class space    used 14889K, capacity 18935K, committed 18984K, reserved 1048576K
}
Event: 321.777 GC heap before
{Heap before GC invocations=42 (full 4):
 PSYoungGen      total 257024K, used 256539K [0x00000000eab00000, 0x0000000100000000, 0x0000000100000000)
  eden space 207872K, 100% used [0x00000000eab00000,0x00000000f7600000,0x00000000f7600000)
  from space 49152K, 99% used [0x00000000f7600000,0x00000000fa586c40,0x00000000fa600000)
  to   space 73728K, 0% used [0x00000000fb800000,0x00000000fb800000,0x0000000100000000)
 ParOldGen       total 110592K, used 95883K [0x00000000c0000000, 0x00000000c6c00000, 0x00000000eab00000)
  object space 110592K, 86% used [0x00000000c0000000,0x00000000c5da2db8,0x00000000c6c00000)
 Metaspace       used 118363K, capacity 132320K, committed 132392K, reserved 1163264K
  class space    used 14933K, capacity 18974K, committed 18984K, reserved 1048576K
Event: 321.840 GC heap after
Heap after GC invocations=42 (full 4):
 PSYoungGen      total 270336K, used 48617K [0x00000000eab00000, 0x0000000100000000, 0x0000000100000000)
  eden space 196608K, 0% used [0x00000000eab00000,0x00000000eab00000,0x00000000f6b00000)
  from space 73728K, 65% used [0x00000000fb800000,0x00000000fe77a7f8,0x0000000100000000)
  to   space 76288K, 0% used [0x00000000f6b00000,0x00000000f6b00000,0x00000000fb580000)
 ParOldGen       total 110592K, used 98440K [0x00000000c0000000, 0x00000000c6c00000, 0x00000000eab00000)
  object space 110592K, 89% used [0x00000000c0000000,0x00000000c6022190,0x00000000c6c00000)
 Metaspace       used 118363K, capacity 132320K, committed 132392K, reserved 1163264K
  class space    used 14933K, capacity 18974K, committed 18984K, reserved 1048576K
}

